<?xml version="1.0" encoding="UTF-8"?>
<!-- Generated by org.testng.reporters.JUnitReportReporter -->
<testsuite hostname="DESKTOP-HE658LO" failures="0" tests="3" name="holistapetSite.RunnableFile" time="460.450" errors="0" timestamp="2021-11-08T14:15:11 IST" skipped="0">
  <testcase classname="holistapetSite.RunnableFile" name="start" time="114.698"/>
  <system-out/>
  <testcase classname="holistapetSite.RunnableFile" name="imagestart" time="64.586"/>
  <system-out/>
  <testcase classname="holistapetSite.RunnableFile" name="productstart" time="281.166"/>
  <system-out/>
</testsuite> <!-- holistapetSite.RunnableFile -->
