<?xml version="1.0" encoding="UTF-8"?>
<!-- Generated by org.testng.reporters.JUnitReportReporter -->
<testsuite hostname="DESKTOP-HE658LO" failures="0" tests="3" name="holistapetSite.HomePage" time="0.028" errors="0" timestamp="2021-11-04T12:13:28 IST" skipped="0">
  <testcase classname="holistapetSite.HomePage" name="test" time="0.021"/>
  <system-out/>
  <testcase classname="holistapetSite.HomePage" name="testtwo" time="0.003"/>
  <system-out/>
  <testcase classname="holistapetSite.HomePage" name="testthree" time="0.004"/>
  <system-out/>
</testsuite> <!-- holistapetSite.HomePage -->
