<?xml version="1.0" encoding="UTF-8"?>
<!-- Generated by org.testng.reporters.JUnitReportReporter -->
<testsuite hostname="DESKTOP-HE658LO" failures="0" tests="5" name="holistapetSite.homepagetwo" time="8.156" errors="0" timestamp="2021-11-03T15:44:37 IST" skipped="0">
  <testcase classname="holistapetSite.homepagetwo" name="test" time="1.352"/>
  <system-out/>
  <testcase classname="holistapetSite.homepagetwo" name="testtwo" time="1.440"/>
  <system-out/>
  <testcase classname="holistapetSite.homepagetwo" name="testtwo1" time="1.589"/>
  <system-out/>
  <testcase classname="holistapetSite.homepagetwo" name="testtwo2" time="2.316"/>
  <system-out/>
  <testcase classname="holistapetSite.homepagetwo" name="testtwo3" time="1.459"/>
  <system-out/>
</testsuite> <!-- holistapetSite.homepagetwo -->
