<?xml version="1.0" encoding="UTF-8"?>
<!-- Generated by org.testng.reporters.JUnitReportReporter -->
<testsuite hostname="LAPTOP-JTE755OA" failures="0" tests="1" name="holistapetSite.BlogImageValidation" time="935.435" errors="0" timestamp="2021-12-11T11:47:08 IST" skipped="0">
  <testcase classname="holistapetSite.BlogImageValidation" name="start" time="935.435"/>
  <system-out/>
</testsuite> <!-- holistapetSite.BlogImageValidation -->
