<?xml version="1.0" encoding="UTF-8"?>
<!-- Generated by org.testng.reporters.JUnitReportReporter -->
<testsuite hostname="LAPTOP-JTE755OA" failures="0" tests="1" name="holistapetSite.ContentValidation" time="98.673" errors="0" timestamp="2021-12-14T15:37:17 IST" skipped="0">
  <testcase classname="holistapetSite.ContentValidation" name="start" time="98.673"/>
  <system-out/>
</testsuite> <!-- holistapetSite.ContentValidation -->
