<?xml version="1.0" encoding="UTF-8"?>
<!-- Generated by org.testng.reporters.JUnitReportReporter -->
<testsuite skipped="0" hostname="LAPTOP-JTE755OA" name="holistapetSite.ContentValidation" tests="1" failures="0" timestamp="15 Dec 2021 12:32:22 GMT" time="73.751" errors="0">
  <testcase name="start" time="73.751" classname="holistapetSite.ContentValidation"/>
</testsuite> <!-- holistapetSite.ContentValidation -->
